<?xml version="1.0" encoding="UTF-8"?>
<!-- Generated by org.testng.reporters.JUnitXMLReporter -->
<testsuite ignored="0" hostname="DESKTOP-M1I0694" failures="1" tests="6" name="Test" time="5.079" errors="0" timestamp="2023-09-05T17:49:46 IST">
  <testcase classname="listeners.TestNGListenersDemo" name="Test1" time="0.0">
    <failure type="org.testng.TestNGException" message="
Parameter &amp;apos;{browsername}&amp;apos; is required by @Test on method Test1 but has not been marked @Optional or defined
in C:\Users\Admin\eclipse-workspace\SampleTest\testng2.xml">
      <![CDATA[org.testng.TestNGException: 
Parameter '{browsername}' is required by @Test on method Test1 but has not been marked @Optional or defined
in C:\Users\Admin\eclipse-workspace\SampleTest\testng2.xml
at java.base/java.util.ArrayList.forEach(ArrayList.java:1511)
... Removed 26 stack frames]]>
    </failure>
  </testcase> <!-- Test1 -->
  <testcase classname="listeners.TestNGListenersDemo" name="Test2" time="4.902"/>
  <testcase classname="listeners.TestNGListenersDemo" name="Test3" time="0.007"/>
  <testcase classname="listeners.TestNGListenersDemo2" name="Test4" time="0.009"/>
  <testcase classname="listeners.TestNGListenersDemo2" name="Test5" time="0.002"/>
  <testcase classname="listeners.TestNGListenersDemo2" name="Test6" time="0.002"/>
</testsuite> <!-- Test -->
