<?xml version="1.0" encoding="UTF-8"?>
<!-- Generated by org.testng.reporters.JUnitXMLReporter -->
<testsuite ignored="0" hostname="DESKTOP-M1I0694" failures="0" tests="3" name="Test4" time="0.117" errors="0" timestamp="2023-09-07T13:16:55 IST">
  <testcase classname="listeners.TestNGListenersDemo2" name="Test4" time="0.023"/>
  <testcase classname="listeners.TestNGListenersDemo2" name="Test5" time="0.005"/>
  <testcase classname="listeners.TestNGListenersDemo2" name="Test6" time="0.004"/>
</testsuite> <!-- Test4 -->
